Ganache CLI v6.1.4 (ganache-core: 2.1.3)

Available Accounts
==================
(0) 0x90f8bf6a479f320ead074411a4b0e7944ea8c9c1
(1) 0xffcf8fdee72ac11b5c542428b35eef5769c409f0
(2) 0x22d491bde2303f2f43325b2108d26f1eaba1e32b
(3) 0xe11ba2b4d45eaed5996cd0823791e0c93114882d
(4) 0xd03ea8624c8c5987235048901fb614fdca89b117
(5) 0x95ced938f7991cd0dfcb48f0a06a40fa1af46ebc
(6) 0x3e5e9111ae8eb78fe1cc3bb8915d5d461f3ef9a9
(7) 0x28a8746e75304c0780e011bed21c72cd78cd535e
(8) 0xaca94ef8bd5ffee41947b4585a84bda5a3d3da6e
(9) 0x1df62f291b2e969fb0849d99d9ce41e2f137006e

Private Keys
==================
(0) 4f3edf983ac636a65a842ce7c78d9aa706d3b113bce9c46f30d7d21715b23b1d
(1) 6cbed15c793ce57650b9877cf6fa156fbef513c4e6134f022a85b1ffdd59b2a1
(2) 6370fd033278c143179d81c5526140625662b8daa446c22ee2d73db3707e620c
(3) 646f1ce2fdad0e6deeeb5c7e8e5543bdde65e86029e2fd9fc169899c440a7913
(4) add53f9a7e588d003326d1cbf9e4a43c061aadd9bc938c843a79e7b4fd2ad743
(5) 395df67f0c2d2d9fe1ad08d1bc8b6627011959b79c53d7dd6a3536a33ab8a4fd
(6) e485d098507f54e7733a205420dfddbe58db035fa577fc294ebd14db90767a52
(7) a453611d9419d0e56f499079478fd72c37b251a94bfde4d19872c44cf65386e3
(8) 829e924fdf021ba3dbbc4225edfece9aca04b929d6e75613329ca6f1d31c0bb4
(9) b0057716d5917badaf911b193b12b910811c1497b5bada8d7711f758981c3773

HD Wallet
==================
Mnemonic:      myth like bonus scare over problem client lizard pioneer submit female collect
Base HD Path:  m/44'/60'/0'/0/{account_index}

Gas Price
==================
20000000000

Gas Limit
==================
6721975

Listening on 0.0.0.0:8545
eth_getBlockByNumber
eth_getBlockByNumber
net_version
net_version
eth_getBlockByNumber
eth_getBalance
eth_getBlockByNumber
eth_getBalance
eth_getBlockByNumber
eth_getBlockByNumber
eth_getBlockByNumber
eth_getBlockByNumber
eth_getBalance
eth_getBalance
eth_getBlockByNumber
eth_accounts
eth_accounts
net_version
net_version
eth_sendTransaction
eth_newBlockFilter
eth_getFilterChanges
eth_getTransactionReceipt
eth_getFilterChanges
eth_getFilterChanges
eth_getFilterChanges
eth_getFilterChanges
eth_getFilterChanges
eth_getFilterChanges
eth_getFilterChanges
eth_getFilterChanges
eth_getFilterChanges
eth_getBlockByNumber
eth_getFilterChanges
eth_getFilterChanges
eth_getFilterChanges
eth_getFilterChanges
eth_getFilterChanges
eth_getFilterChanges
eth_getFilterChanges
eth_getFilterChanges
eth_getFilterChanges
eth_getFilterChanges
eth_getFilterChanges
eth_getFilterChanges
eth_getFilterChanges
eth_getFilterChanges
eth_getFilterChanges
eth_getFilterChanges
eth_getBlockByNumber
eth_getFilterChanges
eth_getFilterChanges
eth_getFilterChanges
eth_getFilterChanges
eth_getFilterChanges
eth_getFilterChanges
eth_getFilterChanges
eth_getFilterChanges
eth_getFilterChanges
eth_getFilterChanges
eth_getFilterChanges
eth_getFilterChanges
eth_getFilterChanges
eth_getFilterChanges
eth_getFilterChanges
eth_getFilterChanges

  Transaction: 0xc34b2452c59a8cde3222994a9545e66a8f5ebdf4b6290222ebbf28db58793ca3
  Contract created: 0xe78a0f7e598cc8b0bb87894b0f60dd2a88d6a8ab
  Gas usage: 224195
  Block Number: 2
  Block Time: Tue Jul 17 2018 13:24:42 GMT+0000 (UTC)

eth_getBlockByNumber
eth_getBlockByNumber
eth_getBalance
eth_getBalance
eth_getFilterChanges
eth_getTransactionReceipt
eth_getCode
eth_uninstallFilter
eth_sendTransaction
eth_getTransactionReceipt
eth_getTransactionReceipt
eth_getTransactionReceipt
eth_getTransactionReceipt
eth_getTransactionReceipt
eth_getTransactionReceipt
eth_getTransactionReceipt
eth_getTransactionReceipt
eth_getBlockByNumber
eth_getTransactionReceipt
eth_getTransactionReceipt
eth_getTransactionReceipt
eth_getTransactionReceipt
eth_getTransactionReceipt
eth_getTransactionReceipt
eth_getTransactionReceipt
eth_getTransactionReceipt
eth_getBlockByNumber
eth_getTransactionReceipt
eth_getTransactionReceipt
eth_getTransactionReceipt
eth_getTransactionReceipt
eth_getTransactionReceipt
eth_getTransactionReceipt
eth_getTransactionReceipt
eth_getTransactionReceipt
eth_getBlockByNumber
eth_getTransactionReceipt
eth_getTransactionReceipt
eth_getTransactionReceipt
eth_getTransactionReceipt
eth_getTransactionReceipt
eth_getTransactionReceipt
eth_getTransactionReceipt
eth_getTransactionReceipt
eth_getBlockByNumber
eth_getTransactionReceipt

  Transaction: 0xc46707af8e58be774a7dcd2896aed1b063884e2bd7e9aa32e3f3a39d65fcada0
  Gas usage: 41908
  Block Number: 3
  Block Time: Tue Jul 17 2018 13:25:15 GMT+0000 (UTC)

eth_getTransactionReceipt
eth_accounts
net_version
net_version
eth_sendTransaction
eth_newBlockFilter
eth_getFilterChanges
eth_getTransactionReceipt
eth_getFilterChanges
eth_getFilterChanges
eth_getFilterChanges
eth_getFilterChanges
eth_getFilterChanges
eth_getFilterChanges
eth_getFilterChanges
eth_getFilterChanges
eth_getFilterChanges
eth_getFilterChanges
eth_getFilterChanges
eth_getFilterChanges
eth_getFilterChanges
eth_getBlockByNumber
eth_getBlockByNumber
eth_getBalance
eth_getBalance
eth_getFilterChanges
eth_getFilterChanges
eth_getFilterChanges
eth_getFilterChanges
eth_getFilterChanges
eth_getFilterChanges
eth_getFilterChanges
eth_getFilterChanges
eth_getFilterChanges
eth_getFilterChanges
eth_getFilterChanges
eth_getFilterChanges
eth_getFilterChanges
eth_getFilterChanges
eth_getFilterChanges
eth_getFilterChanges
eth_getBlockByNumber
eth_getFilterChanges
eth_getFilterChanges
eth_getFilterChanges
eth_getFilterChanges
eth_getFilterChanges
eth_getFilterChanges
eth_getFilterChanges
eth_getFilterChanges
eth_getFilterChanges
eth_getFilterChanges
eth_getFilterChanges
eth_getFilterChanges
eth_getFilterChanges
eth_getFilterChanges
eth_getFilterChanges
eth_getFilterChanges
eth_getBlockByNumber
eth_getFilterChanges
eth_getFilterChanges
eth_getFilterChanges
eth_getFilterChanges
eth_getFilterChanges
eth_getFilterChanges
eth_getFilterChanges
eth_getFilterChanges
eth_getFilterChanges
eth_getFilterChanges
eth_getFilterChanges
eth_getFilterChanges
eth_getFilterChanges
eth_getFilterChanges
eth_getFilterChanges
eth_getFilterChanges
eth_getBlockByNumber
eth_getFilterChanges
eth_getFilterChanges

  Transaction: 0xc47586fdaaaf002291337d88c6980e8a0b3876b8d8b628a5d306d496414e3050
  Contract created: 0xcfeb869f69431e42cdb54a4f4f105c19c080a601
  Gas usage: 212989
  Block Number: 4
  Block Time: Tue Jul 17 2018 13:25:48 GMT+0000 (UTC)

eth_getTransactionReceipt
eth_getCode
eth_uninstallFilter
eth_getBlockByNumber
eth_getBlockByNumber
eth_getBalance
eth_getBalance
eth_getBlockByNumber
eth_getBlockByNumber
eth_accounts
eth_accounts
eth_accounts
net_version
eth_sendTransaction
eth_newBlockFilter
eth_getFilterChanges
eth_getTransactionReceipt
eth_getFilterChanges
eth_getFilterChanges
eth_getFilterChanges
eth_getFilterChanges
eth_getFilterChanges
eth_getFilterChanges
eth_getFilterChanges
eth_getFilterChanges
eth_getFilterChanges
eth_getFilterChanges
eth_getBlockByNumber
eth_getFilterChanges
eth_getFilterChanges

  Transaction: 0x13a4340f674d7e409d278784a292c8294536a9aa9ff9ee8e314f764ad10914e6
  Contract created: 0x254dffcd3277c0b1660f6d42efbb754edababc2b
  Gas usage: 224195
  Block Number: 5
  Block Time: Tue Jul 17 2018 13:26:21 GMT+0000 (UTC)

eth_getFilterChanges
eth_getTransactionReceipt
eth_getCode
eth_uninstallFilter
eth_sendTransaction
eth_getTransactionReceipt
eth_getTransactionReceipt
eth_getTransactionReceipt
eth_getTransactionReceipt
eth_getTransactionReceipt
eth_getTransactionReceipt
eth_getTransactionReceipt
eth_getBlockByNumber
eth_getBlockByNumber
eth_getBalance
eth_getBalance
eth_getTransactionReceipt
eth_getTransactionReceipt
eth_getTransactionReceipt
eth_getTransactionReceipt
eth_getTransactionReceipt
eth_getTransactionReceipt
eth_getTransactionReceipt
eth_getTransactionReceipt
eth_getBlockByNumber
eth_getTransactionReceipt
eth_getTransactionReceipt
eth_getTransactionReceipt
eth_getTransactionReceipt
eth_getTransactionReceipt
eth_getTransactionReceipt
eth_getTransactionReceipt
eth_getTransactionReceipt
eth_getBlockByNumber
eth_getTransactionReceipt
eth_getTransactionReceipt
eth_getTransactionReceipt
eth_getTransactionReceipt
eth_getTransactionReceipt
eth_getTransactionReceipt
eth_getTransactionReceipt
eth_getTransactionReceipt
eth_getBlockByNumber
eth_getTransactionReceipt

  Transaction: 0x26e0d99eccc125149a5e005f85ac1af81de83584f25b7ca03e376ea64b09d787
  Gas usage: 41908
  Block Number: 6
  Block Time: Tue Jul 17 2018 13:26:54 GMT+0000 (UTC)

eth_getTransactionReceipt
eth_accounts
net_version
eth_sendTransaction
eth_newBlockFilter
eth_getFilterChanges
eth_getTransactionReceipt
eth_getFilterChanges
eth_getFilterChanges
eth_getFilterChanges
eth_getFilterChanges
eth_getFilterChanges
eth_getFilterChanges
eth_getFilterChanges
eth_getFilterChanges
eth_getFilterChanges
eth_getFilterChanges
eth_getFilterChanges
eth_getFilterChanges
eth_getFilterChanges
eth_getBlockByNumber
eth_getBlockByNumber
eth_getBalance
eth_getBalance
eth_getFilterChanges
eth_getFilterChanges
eth_getFilterChanges
eth_getFilterChanges
eth_getFilterChanges
eth_getFilterChanges
eth_getFilterChanges
eth_getFilterChanges
eth_getFilterChanges
eth_getFilterChanges
eth_getFilterChanges
eth_getFilterChanges
eth_getFilterChanges
eth_getFilterChanges
eth_getFilterChanges
eth_getFilterChanges
eth_getBlockByNumber
eth_getFilterChanges
eth_getFilterChanges
eth_getFilterChanges
eth_getFilterChanges
eth_getFilterChanges
eth_getFilterChanges
eth_getFilterChanges
eth_getFilterChanges
eth_getFilterChanges
eth_getFilterChanges
eth_getFilterChanges
eth_getFilterChanges
eth_getFilterChanges
eth_getFilterChanges
eth_getFilterChanges
eth_getFilterChanges
eth_getBlockByNumber
eth_getFilterChanges
eth_getFilterChanges
eth_getFilterChanges
eth_getFilterChanges
eth_getFilterChanges
eth_getFilterChanges
eth_getFilterChanges
eth_getFilterChanges
eth_getFilterChanges
eth_getFilterChanges
eth_getFilterChanges
eth_getFilterChanges
eth_getFilterChanges
eth_getFilterChanges
eth_getFilterChanges
eth_getFilterChanges
eth_getBlockByNumber
eth_getFilterChanges
eth_getFilterChanges
eth_getFilterChanges

  Transaction: 0x1ac8d1433fd9cc14c087661d56508c93a18a1b9ca64c6f3f0ddd0582c23b321f
  Contract created: 0xd833215cbcc3f914bd1c9ece3ee7bf8b14f841bb
  Gas usage: 212989
  Block Number: 7
  Block Time: Tue Jul 17 2018 13:27:27 GMT+0000 (UTC)

eth_getFilterChanges
eth_getTransactionReceipt
eth_getCode
eth_uninstallFilter
evm_snapshot
Saved snapshot #1
eth_blockNumber
net_version
eth_sendTransaction
eth_getTransactionReceipt
eth_getTransactionReceipt
eth_getTransactionReceipt
eth_getTransactionReceipt
eth_getTransactionReceipt
eth_getTransactionReceipt
eth_getTransactionReceipt
eth_getBlockByNumber
eth_getBlockByNumber
eth_getBalance
eth_getBalance
eth_getTransactionReceipt
eth_getTransactionReceipt
eth_getTransactionReceipt
eth_getTransactionReceipt
eth_getTransactionReceipt
eth_getTransactionReceipt
eth_getTransactionReceipt
eth_getTransactionReceipt
eth_getBlockByNumber
eth_getTransactionReceipt
eth_getTransactionReceipt
eth_getTransactionReceipt
eth_getTransactionReceipt
eth_getTransactionReceipt
eth_getTransactionReceipt
eth_getTransactionReceipt
eth_getTransactionReceipt
eth_getBlockByNumber
eth_getTransactionReceipt
eth_getTransactionReceipt
eth_getTransactionReceipt
eth_getTransactionReceipt
eth_getTransactionReceipt
eth_getTransactionReceipt
eth_getTransactionReceipt
eth_getTransactionReceipt
eth_getBlockByNumber
eth_getTransactionReceipt
eth_getTransactionReceipt

  Transaction: 0xdb000a1f57f2c751ffbc58ce8114a94ff07d25ea24b3fa2ecdc99f8435347c85
  Gas usage: 41898
  Block Number: 8
  Block Time: Tue Jul 17 2018 13:28:00 GMT+0000 (UTC)

eth_getTransactionReceipt
eth_sendTransaction
eth_getTransactionReceipt
eth_call
eth_call
eth_getLogs
eth_blockNumber
eth_sendTransaction
eth_getTransactionReceipt
eth_getTransactionReceipt
eth_getTransactionReceipt
eth_getTransactionReceipt
eth_getTransactionReceipt
eth_getTransactionReceipt
eth_getBlockByNumber
eth_getBlockByNumber
eth_getBalance
eth_getBalance
eth_getTransactionReceipt
eth_getTransactionReceipt
eth_getTransactionReceipt
eth_getTransactionReceipt
eth_getTransactionReceipt
eth_getTransactionReceipt
eth_getTransactionReceipt
eth_getTransactionReceipt
eth_getBlockByNumber
eth_getTransactionReceipt
eth_getTransactionReceipt
eth_getTransactionReceipt
eth_getTransactionReceipt
eth_getTransactionReceipt
eth_getTransactionReceipt
eth_getTransactionReceipt
eth_getTransactionReceipt
eth_getBlockByNumber
eth_getTransactionReceipt
eth_getTransactionReceipt
eth_getTransactionReceipt
eth_getTransactionReceipt
eth_getTransactionReceipt
eth_getTransactionReceipt
eth_getTransactionReceipt
eth_getTransactionReceipt
eth_getBlockByNumber
eth_getTransactionReceipt
eth_getTransactionReceipt

  Transaction: 0xdb000a1f57f2c751ffbc58ce8114a94ff07d25ea24b3fa2ecdc99f8435347c85
  Gas usage: 41898
  Block Number: 9
  Block Time: Tue Jul 17 2018 13:28:33 GMT+0000 (UTC)

eth_getTransactionReceipt
eth_getTransactionReceipt
eth_getTransactionReceipt
eth_getTransactionReceipt
eth_getTransactionReceipt
eth_getTransactionReceipt
eth_getBlockByNumber
eth_getBlockByNumber
eth_getBalance
eth_getBalance
eth_getTransactionReceipt
eth_getTransactionReceipt
eth_getTransactionReceipt
eth_getTransactionReceipt
eth_getTransactionReceipt
eth_getTransactionReceipt
eth_getTransactionReceipt
eth_getTransactionReceipt
eth_getBlockByNumber
eth_getTransactionReceipt
eth_getTransactionReceipt
eth_getTransactionReceipt
eth_getTransactionReceipt
eth_getTransactionReceipt
eth_getTransactionReceipt
eth_getTransactionReceipt
eth_getTransactionReceipt
eth_getBlockByNumber
eth_getTransactionReceipt
eth_getTransactionReceipt
eth_getTransactionReceipt
eth_getTransactionReceipt
eth_getTransactionReceipt
eth_getTransactionReceipt
eth_getTransactionReceipt
eth_getTransactionReceipt
eth_getBlockByNumber
eth_getTransactionReceipt
eth_getTransactionReceipt
eth_getTransactionReceipt

  Transaction: 0x620c1759ec9ec7a4adff3055ce48aa7b924c8120be24ad9a8bbfc617713836ce
  Gas usage: 6721975
  Block Number: 10
  Block Time: Tue Jul 17 2018 13:29:06 GMT+0000 (UTC)
  Runtime Error: invalid opcode

eth_getTransactionReceipt
eth_getLogs
eth_blockNumber
eth_sendTransaction
eth_getTransactionReceipt
eth_getTransactionReceipt
eth_getTransactionReceipt
eth_getTransactionReceipt
eth_getTransactionReceipt
eth_getTransactionReceipt
eth_getBlockByNumber
eth_getBlockByNumber
eth_getBalance
eth_getBalance
eth_getTransactionReceipt
eth_getTransactionReceipt
eth_getTransactionReceipt
eth_getTransactionReceipt
eth_getTransactionReceipt
eth_getTransactionReceipt
eth_getTransactionReceipt
eth_getTransactionReceipt
eth_getBlockByNumber
eth_getTransactionReceipt
eth_getTransactionReceipt
eth_getTransactionReceipt
eth_getTransactionReceipt
eth_getTransactionReceipt
eth_getTransactionReceipt
eth_getTransactionReceipt
eth_getTransactionReceipt
eth_getBlockByNumber
eth_getTransactionReceipt
eth_getTransactionReceipt
eth_getTransactionReceipt
eth_getTransactionReceipt
eth_getTransactionReceipt
eth_getTransactionReceipt
eth_getTransactionReceipt
eth_getTransactionReceipt
eth_getBlockByNumber
eth_getTransactionReceipt
eth_getTransactionReceipt

  Transaction: 0x37042b9a5b29b090e1e03eb8e57f69d190d19cd9c683869e5d7f0bdbe15363ed
  Gas usage: 6721975
  Block Number: 11
  Block Time: Tue Jul 17 2018 13:29:40 GMT+0000 (UTC)
  Runtime Error: invalid opcode

eth_getTransactionReceipt
eth_getLogs
eth_getBlockByNumber
eth_getBlockByNumber
eth_getBalance
eth_getBalance
eth_getBlockByNumber
eth_getBlockByNumber
eth_getBlockByNumber
eth_getBlockByNumber
eth_getBlockByNumber
eth_getBalance
eth_getBalance
eth_getBlockByNumber
eth_getBlockByNumber
eth_getBlockByNumber
eth_getBlockByNumber
eth_getBlockByNumber
eth_getBalance
eth_getBalance
eth_getBlockByNumber
eth_accounts
eth_getBlockByNumber
eth_accounts
eth_getBlockByNumber
eth_getBlockByNumber
eth_getBlockByNumber
eth_getBalance
eth_getBalance
eth_accounts
net_version
eth_sendTransaction
eth_newBlockFilter
eth_getFilterChanges
eth_getTransactionReceipt
eth_getFilterChanges
eth_getFilterChanges
eth_getFilterChanges
eth_getFilterChanges
eth_getFilterChanges
eth_getFilterChanges
eth_getFilterChanges
eth_getFilterChanges
eth_getFilterChanges
eth_getFilterChanges
eth_getFilterChanges
eth_getFilterChanges
eth_getFilterChanges
eth_getFilterChanges
eth_getFilterChanges
eth_getBlockByNumber
eth_getFilterChanges
eth_getFilterChanges
eth_getFilterChanges
eth_getFilterChanges
eth_getFilterChanges
eth_getFilterChanges
eth_getFilterChanges
eth_getFilterChanges
eth_getFilterChanges
eth_getFilterChanges
eth_getFilterChanges
eth_getFilterChanges
eth_getFilterChanges
eth_getFilterChanges
eth_getFilterChanges
eth_getFilterChanges
eth_getFilterChanges
eth_getBlockByNumber
eth_getFilterChanges
eth_getFilterChanges
eth_getFilterChanges
eth_getFilterChanges
eth_getFilterChanges
eth_getFilterChanges
eth_getFilterChanges
eth_getFilterChanges
eth_getFilterChanges
eth_getFilterChanges
eth_getFilterChanges
eth_getFilterChanges
eth_getFilterChanges
eth_getFilterChanges
eth_getFilterChanges
eth_getFilterChanges
eth_getBlockByNumber
eth_getFilterChanges
eth_getFilterChanges
eth_getFilterChanges
eth_getFilterChanges
eth_getFilterChanges
eth_getFilterChanges

  Transaction: 0x802173c6b83054bd536e1a8a7e6e39882efaf8d9cfff4fdd55008e96734e5834
  Contract created: 0x9561c133dd8580860b6b7e504bc5aa500f0f06a7
  Gas usage: 224195
  Block Number: 15
  Block Time: Tue Jul 17 2018 13:31:52 GMT+0000 (UTC)

eth_getFilterChanges
eth_getTransactionReceipt
eth_getCode
eth_uninstallFilter
eth_sendTransaction
eth_getTransactionReceipt
eth_getTransactionReceipt
eth_getTransactionReceipt
eth_getTransactionReceipt
eth_getTransactionReceipt
eth_getBlockByNumber
eth_getBlockByNumber
eth_getBalance
eth_getBalance
eth_getTransactionReceipt
eth_getTransactionReceipt
eth_getTransactionReceipt
eth_getTransactionReceipt
eth_getTransactionReceipt
eth_getTransactionReceipt
eth_getTransactionReceipt
eth_getTransactionReceipt
eth_getBlockByNumber
eth_getTransactionReceipt
eth_getTransactionReceipt
eth_getTransactionReceipt
eth_getTransactionReceipt
eth_getTransactionReceipt
eth_getTransactionReceipt
eth_getTransactionReceipt
eth_getTransactionReceipt
eth_getTransactionReceipt
eth_getBlockByNumber
eth_getTransactionReceipt
eth_getTransactionReceipt
eth_getTransactionReceipt
eth_getTransactionReceipt
eth_getTransactionReceipt
eth_getTransactionReceipt
eth_getTransactionReceipt
eth_getBlockByNumber
eth_getTransactionReceipt
eth_getTransactionReceipt
eth_getTransactionReceipt
eth_getTransactionReceipt

  Transaction: 0x24ed83c4f79516fbee4bd6662b74a0a890f29f6d102bf9c411b4bbac4853f40b
  Gas usage: 41908
  Block Number: 16
  Block Time: Tue Jul 17 2018 13:32:25 GMT+0000 (UTC)

eth_getTransactionReceipt
eth_accounts
net_version
eth_sendTransaction
eth_newBlockFilter
eth_getFilterChanges
eth_getTransactionReceipt
eth_getFilterChanges
eth_getFilterChanges
eth_getFilterChanges
eth_getFilterChanges
eth_getFilterChanges
eth_getFilterChanges
eth_getFilterChanges
eth_getFilterChanges
eth_getBlockByNumber
eth_getBlockByNumber
eth_getBalance
eth_getBalance
eth_getFilterChanges
eth_getFilterChanges
eth_getFilterChanges
eth_getFilterChanges
eth_getFilterChanges
eth_getFilterChanges
eth_getFilterChanges
eth_getFilterChanges
eth_getFilterChanges
eth_getFilterChanges
eth_getFilterChanges
eth_getFilterChanges
eth_getFilterChanges
eth_getFilterChanges
eth_getFilterChanges
eth_getFilterChanges
eth_getBlockByNumber
eth_getFilterChanges
eth_getFilterChanges
eth_getFilterChanges
eth_getFilterChanges
eth_getFilterChanges
eth_getFilterChanges
eth_getBlockByNumber
eth_getBlockByNumber

  Transaction: 0x8bbc455d58b050968719529a950a69eaaa3f6ed4bf692800b4e63c34709272ab
  Contract created: 0x59d3631c86bbe35ef041872d502f218a39fba150
  Gas usage: 219299
  Block Number: 17
  Block Time: Tue Jul 17 2018 13:32:58 GMT+0000 (UTC)

eth_getBlockByNumber
eth_getBlockByNumber
eth_getBalance
eth_getBalance
eth_getBlockByNumber
eth_getBlockByNumber
eth_accounts
eth_getBlockByNumber
eth_getBlockByNumber
eth_getBlockByNumber
eth_getBalance
eth_getBalance
eth_getBlockByNumber
eth_getBlockByNumber
eth_getBlockByNumber
eth_getBlockByNumber
eth_getBlockByNumber
eth_getBalance
eth_getBalance
eth_getBlockByNumber
eth_getBlockByNumber
eth_getBlockByNumber
eth_getBlockByNumber
eth_getBlockByNumber
eth_getBalance
eth_getBalance
eth_getBlockByNumber
eth_getBlockByNumber
eth_getBlockByNumber
eth_accounts
eth_getBlockByNumber
eth_getBlockByNumber
eth_getBalance
eth_getBalance
eth_getBlockByNumber
eth_getBlockByNumber
eth_getBlockByNumber
eth_getBlockByNumber
eth_getBlockByNumber
eth_getBalance
eth_getBalance
eth_getBlockByNumber
eth_getBlockByNumber
eth_getBlockByNumber
eth_getBlockByNumber
eth_getBlockByNumber
eth_getBalance
eth_getBalance
eth_getBlockByNumber
eth_getBlockByNumber
eth_getBlockByNumber
eth_accounts
eth_accounts
eth_getBlockByNumber
eth_getBlockByNumber
eth_getBalance
eth_getBalance
eth_getBlockByNumber
eth_getBlockByNumber
eth_getBlockByNumber
eth_getBlockByNumber
eth_getBlockByNumber
eth_getBalance
eth_getBalance
eth_getBlockByNumber
eth_getBlockByNumber
eth_getBlockByNumber
eth_getBlockByNumber
eth_getBlockByNumber
eth_getBalance
eth_getBalance
eth_getBlockByNumber
eth_getBlockByNumber
net_version
eth_accounts
eth_call
eth_getBlockByNumber
eth_accounts
eth_call
eth_getBlockByNumber
eth_getBlockByNumber
eth_getBalance
eth_getBalance
eth_accounts
eth_call
eth_getBlockByNumber
eth_getBlockByNumber
eth_getBlockByNumber
eth_accounts
eth_call
eth_accounts
eth_call
eth_getBlockByNumber
eth_getBlockByNumber
eth_getBalance
eth_getBalance
eth_accounts
eth_sendTransaction
eth_getTransactionReceipt
eth_getTransactionReceipt
eth_getTransactionReceipt
eth_getTransactionReceipt
eth_getBlockByNumber
eth_getTransactionReceipt
eth_getTransactionReceipt
eth_getTransactionReceipt
eth_getTransactionReceipt
eth_getTransactionReceipt
eth_getTransactionReceipt
eth_getTransactionReceipt
eth_getTransactionReceipt
eth_getBlockByNumber
eth_getTransactionReceipt
eth_getTransactionReceipt
eth_getTransactionReceipt
eth_getTransactionReceipt
eth_getTransactionReceipt
eth_getTransactionReceipt
eth_getTransactionReceipt
eth_getTransactionReceipt
eth_getBlockByNumber
eth_getTransactionReceipt
eth_getTransactionReceipt
eth_getTransactionReceipt
eth_getTransactionReceipt
eth_getTransactionReceipt
eth_getTransactionReceipt

  Transaction: 0x08f3cf12732ada97e42998e20d7c59d4f2a7e7816b7af40d79ec7503f19ebda6
  Gas usage: 41898
  Block Number: 29
  Block Time: Tue Jul 17 2018 13:39:34 GMT+0000 (UTC)

eth_getTransactionReceipt
eth_getBlockByNumber
eth_getBlockByNumber
eth_getBalance
eth_getBalance
eth_getBlockByNumber
eth_getBlockByNumber
eth_getBlockByNumber
eth_getBlockByNumber
eth_getBlockByNumber
eth_getBalance
eth_getBalance
eth_getBlockByNumber
eth_getBlockByNumber
eth_getBlockByNumber
eth_getBlockByNumber
eth_getBlockByNumber
eth_getBalance
eth_getBalance
eth_getBlockByNumber
eth_getBlockByNumber
eth_getBlockByNumber
eth_getBlockByNumber
eth_getBlockByNumber
eth_getBalance
eth_getBalance
eth_getBlockByNumber
eth_getBlockByNumber
eth_getBlockByNumber
eth_getBlockByNumber
eth_getBlockByNumber
eth_getBalance
eth_getBalance
eth_getBlockByNumber
eth_getBlockByNumber
eth_getBlockByNumber
eth_getBlockByNumber
eth_getBlockByNumber
eth_getBalance
eth_getBalance
eth_getBlockByNumber
eth_getBlockByNumber
eth_getBlockByNumber
eth_accounts
net_version
eth_sendTransaction
eth_newBlockFilter
eth_getFilterChanges
eth_getTransactionReceipt
eth_getFilterChanges
eth_getFilterChanges
eth_getFilterChanges
eth_getFilterChanges
eth_getFilterChanges
eth_getFilterChanges
eth_getFilterChanges

  Transaction: 0xc7fe3cf784b9be002c0d3126ae5a76e29538a4efa016d1cfd03b03b24878543b
  Contract created: 0x0290fb167208af455bb137780163b7b7a9a10c16
  Gas usage: 224195
  Block Number: 35
  Block Time: Tue Jul 17 2018 13:42:53 GMT+0000 (UTC)

eth_getFilterChanges
eth_getTransactionReceipt
eth_getCode
eth_uninstallFilter
eth_sendTransaction
eth_getTransactionReceipt
eth_getBlockByNumber
eth_getBlockByNumber
eth_getBalance
eth_getBalance
eth_getTransactionReceipt
eth_getTransactionReceipt
eth_getTransactionReceipt
eth_getTransactionReceipt
eth_getTransactionReceipt
eth_getTransactionReceipt
eth_getTransactionReceipt
eth_getTransactionReceipt
eth_getBlockByNumber
eth_getTransactionReceipt
eth_getTransactionReceipt
eth_getTransactionReceipt
eth_getTransactionReceipt
eth_getTransactionReceipt
eth_getTransactionReceipt
eth_getTransactionReceipt
eth_getTransactionReceipt
eth_getBlockByNumber
eth_getTransactionReceipt
eth_getTransactionReceipt
eth_getTransactionReceipt
eth_getTransactionReceipt
eth_getTransactionReceipt
eth_getTransactionReceipt
eth_getTransactionReceipt
eth_getTransactionReceipt
eth_getBlockByNumber
eth_getTransactionReceipt
eth_getTransactionReceipt
eth_getTransactionReceipt
eth_getTransactionReceipt
eth_getTransactionReceipt
eth_getTransactionReceipt
eth_accounts
eth_sendTransaction
eth_getTransactionReceipt
eth_getTransactionReceipt
eth_getTransactionReceipt
eth_getTransactionReceipt

  Transaction: 0x866eac70ae3f6aaab671420d7b4aed22272fb8344d057e2524df266bc1eec2fd
  Gas usage: 41908
  Block Number: 36
  Block Time: Tue Jul 17 2018 13:43:26 GMT+0000 (UTC)

eth_getTransactionReceipt
eth_getBlockByNumber
eth_getBlockByNumber
eth_getBalance
eth_getBalance
eth_getTransactionReceipt
eth_accounts
net_version
eth_sendTransaction
eth_newBlockFilter
eth_getFilterChanges
eth_getTransactionReceipt
eth_getTransactionReceipt
eth_getFilterChanges
eth_getFilterChanges
eth_getTransactionReceipt
eth_getFilterChanges
eth_getFilterChanges
eth_getTransactionReceipt
eth_getFilterChanges
eth_getFilterChanges
eth_getTransactionReceipt
eth_getFilterChanges
eth_getFilterChanges
eth_getFilterChanges
eth_getTransactionReceipt
eth_getFilterChanges
eth_getFilterChanges
eth_getTransactionReceipt
eth_getFilterChanges
eth_getFilterChanges
eth_getTransactionReceipt
eth_getFilterChanges
eth_getFilterChanges
eth_getTransactionReceipt
eth_getBlockByNumber
eth_getFilterChanges
eth_getFilterChanges
eth_getTransactionReceipt
eth_getFilterChanges
eth_getFilterChanges
eth_getTransactionReceipt
eth_getFilterChanges
eth_getFilterChanges
eth_getTransactionReceipt
eth_getFilterChanges
eth_getFilterChanges
eth_getTransactionReceipt
eth_getFilterChanges
eth_getFilterChanges
eth_getTransactionReceipt
eth_getFilterChanges
eth_getFilterChanges
eth_getTransactionReceipt
eth_getFilterChanges
eth_getFilterChanges
eth_getTransactionReceipt
eth_getFilterChanges
eth_getFilterChanges
eth_getTransactionReceipt
eth_getFilterChanges
eth_getBlockByNumber
eth_getFilterChanges
eth_getTransactionReceipt
eth_getFilterChanges
eth_getFilterChanges
eth_getTransactionReceipt
eth_getFilterChanges
eth_getFilterChanges
eth_getTransactionReceipt
eth_getFilterChanges
eth_getFilterChanges
eth_getTransactionReceipt
eth_getFilterChanges
eth_getFilterChanges
eth_getTransactionReceipt
eth_getFilterChanges
eth_getFilterChanges
eth_getTransactionReceipt
eth_getFilterChanges
eth_getFilterChanges
eth_getTransactionReceipt
eth_getFilterChanges
eth_getFilterChanges
eth_getTransactionReceipt
eth_getFilterChanges
eth_getBlockByNumber
eth_getFilterChanges
eth_getTransactionReceipt
eth_getFilterChanges
eth_getFilterChanges
eth_getTransactionReceipt
eth_getFilterChanges
eth_getFilterChanges
eth_getTransactionReceipt
eth_getFilterChanges
eth_getFilterChanges
eth_getTransactionReceipt
eth_getFilterChanges
eth_getFilterChanges
eth_getTransactionReceipt
eth_getFilterChanges
eth_getFilterChanges
eth_getTransactionReceipt
eth_getFilterChanges
eth_getFilterChanges
eth_getTransactionReceipt
eth_getFilterChanges
eth_getFilterChanges
eth_getTransactionReceipt

  Transaction: 0x35d9608ec9df9453b987700be6b51e1a354cf9dd7599471f382d14cebd52cbb2
  Gas usage: 6721975
  Block Number: 37
  Block Time: Tue Jul 17 2018 13:43:59 GMT+0000 (UTC)
  Runtime Error: invalid opcode

eth_getFilterChanges
eth_getTransactionReceipt
eth_getBlockByNumber
eth_getBlockByNumber
eth_getFilterChanges
eth_getBalance
eth_getBalance
eth_getTransactionReceipt
eth_getFilterChanges
eth_getFilterChanges
eth_getFilterChanges
eth_getFilterChanges
eth_getFilterChanges
eth_getFilterChanges
eth_getFilterChanges
eth_getFilterChanges
eth_getFilterChanges
eth_getFilterChanges
eth_getFilterChanges
eth_getFilterChanges
eth_getFilterChanges
eth_getFilterChanges
eth_getFilterChanges
eth_getFilterChanges
eth_getBlockByNumber
eth_getFilterChanges
eth_getFilterChanges
eth_getFilterChanges
eth_getFilterChanges
eth_getFilterChanges
eth_getFilterChanges
eth_getFilterChanges
eth_getFilterChanges
eth_getFilterChanges
eth_getFilterChanges
eth_getFilterChanges
eth_getFilterChanges
eth_getFilterChanges
eth_getFilterChanges
eth_getFilterChanges
eth_getFilterChanges
eth_getBlockByNumber
eth_getFilterChanges
eth_getFilterChanges
eth_getFilterChanges
eth_getFilterChanges
eth_getFilterChanges
eth_getFilterChanges
eth_getFilterChanges
eth_getFilterChanges
eth_getFilterChanges
eth_getFilterChanges
eth_getFilterChanges
eth_getFilterChanges
eth_getFilterChanges
eth_getFilterChanges
eth_getFilterChanges
eth_getFilterChanges
eth_getBlockByNumber
eth_getFilterChanges
eth_getFilterChanges
eth_getFilterChanges
eth_getFilterChanges
eth_getFilterChanges
eth_getFilterChanges
eth_getFilterChanges
eth_getFilterChanges
eth_getFilterChanges
eth_getFilterChanges
eth_getFilterChanges
eth_getFilterChanges
eth_getFilterChanges
eth_getFilterChanges
eth_getFilterChanges

  Transaction: 0xd3b6ec2b6124151affc427817507e31c664ed8957f9f1125cb0a6f8bafde052a
  Contract created: 0x67b5656d60a809915323bf2c40a8bef15a152e3e
  Gas usage: 212989
  Block Number: 38
  Block Time: Tue Jul 17 2018 13:44:32 GMT+0000 (UTC)

eth_getBlockByNumber
eth_getBlockByNumber
eth_getBalance
eth_getBalance
debug_traceTransaction
eth_getFilterChanges
eth_getTransactionByHash
eth_getTransactionReceipt
eth_getCode
eth_getCode
eth_uninstallFilter
eth_getBlockByNumber
eth_getBlockByNumber
debug_traceTransaction
eth_getTransactionByHash
eth_getCode
eth_getBlockByNumber
eth_getBlockByNumber
eth_getBlockByNumber
eth_getBalance
eth_getBalance
eth_getBlockByNumber
eth_getBlockByNumber
eth_getBlockByNumber
eth_getBlockByNumber
eth_getBlockByNumber
eth_getBalance
eth_getBalance
